This is pdfTeX, Version 3.1415926-2.3-1.40.12 (MiKTeX 2.9) (preloaded format=pdflatex 2012.10.1)  3 OCT 2012 21:22
entering extended mode
**document.tex
(I:\Users\deborah\workspace\thesis3\document.tex
LaTeX2e <2011/06/27>
Babel <v3.8m> and hyphenation patterns for english, afrikaans, ancientgreek, ar
abic, armenian, assamese, basque, bengali, bokmal, bulgarian, catalan, coptic, 
croatian, czech, danish, dutch, esperanto, estonian, farsi, finnish, french, ga
lician, german, german-x-2009-06-19, greek, gujarati, hindi, hungarian, iceland
ic, indonesian, interlingua, irish, italian, kannada, kurmanji, lao, latin, lat
vian, lithuanian, malayalam, marathi, mongolian, mongolianlmc, monogreek, ngerm
an, ngerman-x-2009-06-19, nynorsk, oriya, panjabi, pinyin, polish, portuguese, 
romanian, russian, sanskrit, serbian, slovak, slovenian, spanish, swedish, swis
sgerman, tamil, telugu, turkish, turkmen, ukenglish, ukrainian, uppersorbian, u
senglishmax, welsh, loaded.
(I:\Users\deborah\workspace\thesis3\wissdoc.cls
Document Class: wissdoc 2012/05/10 Roland Bless - Wissenschaftliches Dokument
(C:\Users\deborah\MKI\Thesis\Texclipse\Miktex\tex\latex\base\book.cls
Document Class: book 2007/10/19 v1.4h Standard LaTeX document class
(C:\Users\deborah\MKI\Thesis\Texclipse\Miktex\tex\latex\base\bk12.clo
File: bk12.clo 2007/10/19 v1.4h Standard LaTeX file (size option)
)
\c@part=\count79
\c@chapter=\count80
\c@section=\count81
\c@subsection=\count82
\c@subsubsection=\count83
\c@paragraph=\count84
\c@subparagraph=\count85
\c@figure=\count86
\c@table=\count87
\abovecaptionskip=\skip41
\belowcaptionskip=\skip42
\bibindent=\dimen102
)
(C:\Users\deborah\MKI\Thesis\Texclipse\Miktex\tex\latex\base\fontenc.sty
Package: fontenc 2005/09/27 v1.99g Standard LaTeX package

(C:\Users\deborah\MKI\Thesis\Texclipse\Miktex\tex\latex\base\t1enc.def
File: t1enc.def 2005/09/27 v1.99g Standard LaTeX file
LaTeX Font Info:    Redeclaring font encoding T1 on input line 43.
))
(C:\Users\deborah\MKI\Thesis\Texclipse\Miktex\tex\latex\base\inputenc.sty
Package: inputenc 2008/03/30 v1.1d Input encoding file
\inpenc@prehook=\toks14
\inpenc@posthook=\toks15

(C:\Users\deborah\MKI\Thesis\Texclipse\Miktex\tex\latex\base\latin1.def
File: latin1.def 2008/03/30 v1.1d Input encoding file
))
(C:\Users\deborah\MKI\Thesis\Texclipse\Miktex\tex\generic\babel\babel.sty
Package: babel 2008/07/08 v3.8m The Babel package

*************************************
* Local config file bblopts.cfg used
*
(C:\Users\deborah\MKI\Thesis\Texclipse\Miktex\tex\latex\00miktex\bblopts.cfg
File: bblopts.cfg 2006/07/31 v1.0 MiKTeX 'babel' configuration
)
(C:\Users\deborah\MKI\Thesis\Texclipse\Miktex\tex\generic\babel\ngermanb.ldf
Language: ngermanb 2008/07/06 v2.6n new German support from the babel system

(C:\Users\deborah\MKI\Thesis\Texclipse\Miktex\tex\generic\babel\babel.def
File: babel.def 2008/07/08 v3.8m Babel common definitions
\babel@savecnt=\count88
\U@D=\dimen103
)
\l@naustrian = a dialect from \language\l@ngerman 
Package babel Info: Making " an active character on input line 92.
))
(C:\Users\deborah\MKI\Thesis\Texclipse\Miktex\tex\latex\graphics\graphicx.sty
Package: graphicx 1999/02/16 v1.0f Enhanced LaTeX Graphics (DPC,SPQR)

(C:\Users\deborah\MKI\Thesis\Texclipse\Miktex\tex\latex\graphics\keyval.sty
Package: keyval 1999/03/16 v1.13 key=value parser (DPC)
\KV@toks@=\toks16
)
(C:\Users\deborah\MKI\Thesis\Texclipse\Miktex\tex\latex\graphics\graphics.sty
Package: graphics 2009/02/05 v1.0o Standard LaTeX Graphics (DPC,SPQR)

(C:\Users\deborah\MKI\Thesis\Texclipse\Miktex\tex\latex\graphics\trig.sty
Package: trig 1999/03/16 v1.09 sin cos tan (DPC)
)
(C:\Users\deborah\MKI\Thesis\Texclipse\Miktex\tex\latex\00miktex\graphics.cfg
File: graphics.cfg 2007/01/18 v1.5 graphics configuration of teTeX/TeXLive
)
Package graphics Info: Driver file: pdftex.def on input line 91.

(C:\Users\deborah\MKI\Thesis\Texclipse\Miktex\tex\latex\pdftex-def\pdftex.def
File: pdftex.def 2011/05/27 v0.06d Graphics/color for pdfTeX

(C:\Users\deborah\MKI\Thesis\Texclipse\Miktex\tex\generic\oberdiek\infwarerr.st
y
Package: infwarerr 2010/04/08 v1.3 Providing info/warning/message (HO)
)
(C:\Users\deborah\MKI\Thesis\Texclipse\Miktex\tex\generic\oberdiek\ltxcmds.sty
Package: ltxcmds 2011/04/18 v1.20 LaTeX kernel commands for general use (HO)
)
\Gread@gobject=\count89
))
\Gin@req@height=\dimen104
\Gin@req@width=\dimen105
) (C:\Users\deborah\MKI\Thesis\Texclipse\Miktex\tex\latex\base\makeidx.sty
Package: makeidx 2000/03/29 v1.0m Standard LaTeX package
)
(C:\Users\deborah\MKI\Thesis\Texclipse\Miktex\tex\latex\geometry\geometry.sty
Package: geometry 2010/09/12 v5.6 Page Geometry

(C:\Users\deborah\MKI\Thesis\Texclipse\Miktex\tex\generic\oberdiek\ifpdf.sty
Package: ifpdf 2011/01/30 v2.3 Provides the ifpdf switch (HO)
Package ifpdf Info: pdfTeX in PDF mode is detected.
)
(C:\Users\deborah\MKI\Thesis\Texclipse\Miktex\tex\generic\oberdiek\ifvtex.sty
Package: ifvtex 2010/03/01 v1.5 Switches for detecting VTeX and its modes (HO)
Package ifvtex Info: VTeX not detected.
)
(C:\Users\deborah\MKI\Thesis\Texclipse\Miktex\tex\generic\ifxetex\ifxetex.sty
Package: ifxetex 2010/09/12 v0.6 Provides ifxetex conditional
)
\Gm@cnth=\count90
\Gm@cntv=\count91
\c@Gm@tempcnt=\count92
\Gm@bindingoffset=\dimen106
\Gm@wd@mp=\dimen107
\Gm@odd@mp=\dimen108
\Gm@even@mp=\dimen109
\Gm@layoutwidth=\dimen110
\Gm@layoutheight=\dimen111
\Gm@layouthoffset=\dimen112
\Gm@layoutvoffset=\dimen113
\Gm@dimlist=\toks17

(C:\Users\deborah\MKI\Thesis\Texclipse\Miktex\tex\latex\geometry\geometry.cfg))
(C:\Users\deborah\MKI\Thesis\Texclipse\Miktex\tex\latex\fancyhdr\fancyhdr.sty
\fancy@headwidth=\skip43
\f@ncyO@elh=\skip44
\f@ncyO@erh=\skip45
\f@ncyO@olh=\skip46
\f@ncyO@orh=\skip47
\f@ncyO@elf=\skip48
\f@ncyO@erf=\skip49
\f@ncyO@olf=\skip50
\f@ncyO@orf=\skip51
)
(C:\Users\deborah\MKI\Thesis\Texclipse\Miktex\tex\latex\tools\array.sty
Package: array 2008/09/09 v2.4c Tabular extension package (FMi)
\col@sep=\dimen114
\extrarowheight=\dimen115
\NC@list=\toks18
\extratabsurround=\skip52
\backup@length=\skip53
)
(C:\Users\deborah\MKI\Thesis\Texclipse\Miktex\tex\latex\xcolor\xcolor.sty
Package: xcolor 2007/01/21 v2.11 LaTeX color extensions (UK)

(C:\Users\deborah\MKI\Thesis\Texclipse\Miktex\tex\latex\00miktex\color.cfg
File: color.cfg 2007/01/18 v1.5 color configuration of teTeX/TeXLive
)
Package xcolor Info: Driver file: pdftex.def on input line 225.
Package xcolor Info: Model `cmy' substituted by `cmy0' on input line 1337.
Package xcolor Info: Model `hsb' substituted by `rgb' on input line 1341.
Package xcolor Info: Model `RGB' extended on input line 1353.
Package xcolor Info: Model `HTML' substituted by `rgb' on input line 1355.
Package xcolor Info: Model `Hsb' substituted by `hsb' on input line 1356.
Package xcolor Info: Model `tHsb' substituted by `hsb' on input line 1357.
Package xcolor Info: Model `HSB' substituted by `hsb' on input line 1358.
Package xcolor Info: Model `Gray' substituted by `gray' on input line 1359.
Package xcolor Info: Model `wave' substituted by `hsb' on input line 1360.
)
(C:\Users\deborah\MKI\Thesis\Texclipse\Miktex\tex\latex\colortbl\colortbl.sty
Package: colortbl 2001/02/13 v0.1j Color table columns (DPC)
\everycr=\toks19
\minrowclearance=\skip54
)
(C:\Users\deborah\MKI\Thesis\Texclipse\Miktex\tex\latex\tools\longtable.sty
Package: longtable 2004/02/01 v4.11 Multi-page Table package (DPC)
\LTleft=\skip55
\LTright=\skip56
\LTpre=\skip57
\LTpost=\skip58
\LTchunksize=\count93
\LTcapwidth=\dimen116
\LT@head=\box26
\LT@firsthead=\box27
\LT@foot=\box28
\LT@lastfoot=\box29
\LT@cols=\count94
\LT@rows=\count95
\c@LT@tables=\count96
\c@LT@chunks=\count97
\LT@p@ftn=\toks20
)
(C:\Users\deborah\MKI\Thesis\Texclipse\Miktex\tex\latex\ltxmisc\url.sty
\Urlmuskip=\muskip10
Package: url 2006/04/12  ver 3.3  Verb mode for urls, etc.
)
(C:\Users\deborah\MKI\Thesis\Texclipse\Miktex\tex\latex\ae\ae.sty
Package: ae 2001/02/12 1.3 Almost European Computer Modern

(C:\Users\deborah\MKI\Thesis\Texclipse\Miktex\tex\latex\base\fontenc.sty
Package: fontenc 2005/09/27 v1.99g Standard LaTeX package

(C:\Users\deborah\MKI\Thesis\Texclipse\Miktex\tex\latex\base\t1enc.def
File: t1enc.def 2005/09/27 v1.99g Standard LaTeX file
LaTeX Font Info:    Redeclaring font encoding T1 on input line 43.
)
LaTeX Font Info:    Try loading font information for T1+aer on input line 100.

(C:\Users\deborah\MKI\Thesis\Texclipse\Miktex\tex\latex\ae\t1aer.fd
File: t1aer.fd 1997/11/16 Font definitions for T1/aer.
)))
(C:\Users\deborah\MKI\Thesis\Texclipse\Miktex\tex\latex\hyperref\hyperref.sty
Package: hyperref 2011/08/19 v6.82h Hypertext links for LaTeX

(C:\Users\deborah\MKI\Thesis\Texclipse\Miktex\tex\generic\oberdiek\hobsub-hyper
ref.sty
Package: hobsub-hyperref 2011/04/23 v1.4 Bundle oberdiek, subset hyperref (HO)

(C:\Users\deborah\MKI\Thesis\Texclipse\Miktex\tex\generic\oberdiek\hobsub-gener
ic.sty
Package: hobsub-generic 2011/04/23 v1.4 Bundle oberdiek, subset generic (HO)
Package: hobsub 2011/04/23 v1.4 Subsetting bundle oberdiek (HO)
Package hobsub Info: Skipping package `infwarerr' (already loaded).
Package hobsub Info: Skipping package `ltxcmds' (already loaded).
Package: ifluatex 2010/03/01 v1.3 Provides the ifluatex switch (HO)
Package ifluatex Info: LuaTeX not detected.
Package hobsub Info: Skipping package `ifvtex' (already loaded).
Package: intcalc 2007/09/27 v1.1 Expandable integer calculations (HO)
Package hobsub Info: Skipping package `ifpdf' (already loaded).
Package: etexcmds 2011/02/16 v1.5 Prefix for e-TeX command names (HO)
Package etexcmds Info: Could not find \expanded.
(etexcmds)             That can mean that you are not using pdfTeX 1.50 or
(etexcmds)             that some package has redefined \expanded.
(etexcmds)             In the latter case, load this package earlier.
Package: kvsetkeys 2011/04/07 v1.13 Key value parser (HO)
Package: kvdefinekeys 2011/04/07 v1.3 Defining keys (HO)
Package: pdftexcmds 2011/04/22 v0.16 Utilities of pdfTeX for LuaTeX (HO)
Package pdftexcmds Info: LuaTeX not detected.
Package pdftexcmds Info: \pdf@primitive is available.
Package pdftexcmds Info: \pdf@ifprimitive is available.
Package pdftexcmds Info: \pdfdraftmode found.
Package: pdfescape 2011/04/04 v1.12 Provides string conversions (HO)
Package: bigintcalc 2011/01/30 v1.2 Expandable big integer calculations (HO)
Package: bitset 2011/01/30 v1.1 Data type bit set (HO)
Package: uniquecounter 2011/01/30 v1.2 Provides unlimited unique counter (HO)
)
Package hobsub Info: Skipping package `hobsub' (already loaded).
Package: letltxmacro 2010/09/02 v1.4 Let assignment for LaTeX macros (HO)
Package: hopatch 2011/01/30 v1.0 Wrapper for package hooks (HO)
Package: xcolor-patch 2011/01/30 xcolor patch
Package: atveryend 2011/04/23 v1.7 Hooks at very end of document (HO)
Package: atbegshi 2011/01/30 v1.15 At begin shipout hook (HO)
Package: refcount 2010/12/01 v3.2 Data extraction from references (HO)
Package: hycolor 2011/01/30 v1.7 Color options of hyperref/bookmark (HO)
)
(C:\Users\deborah\MKI\Thesis\Texclipse\Miktex\tex\latex\oberdiek\kvoptions.sty
Package: kvoptions 2010/12/23 v3.10 Keyval support for LaTeX options (HO)
)
\@linkdim=\dimen117
\Hy@linkcounter=\count98
\Hy@pagecounter=\count99
(C:\Users\deborah\MKI\Thesis\Texclipse\Miktex\tex\latex\hyperref\pd1enc.def
File: pd1enc.def 2011/08/19 v6.82h Hyperref: PDFDocEncoding definition (HO)
)
\Hy@SavedSpaceFactor=\count100

(C:\Users\deborah\MKI\Thesis\Texclipse\Miktex\tex\latex\00miktex\hyperref.cfg
File: hyperref.cfg 2002/06/06 v1.2 hyperref configuration of TeXLive
)
Package hyperref Info: Option `raiselinks' set `true' on input line 3932.
Package hyperref Info: Option `bookmarks' set `true' on input line 3932.
Package hyperref Info: Option `bookmarksopen' set `true' on input line 3932.
Package hyperref Info: Option `bookmarksnumbered' set `true' on input line 3932
.
Package hyperref Info: Option `hyperindex' set `true' on input line 3932.
Package hyperref Info: Option `plainpages' set `false' on input line 3932.
Package hyperref Info: Option `pdfpagelabels' set `true' on input line 3932.
Package hyperref Info: Hyper figures OFF on input line 4053.
Package hyperref Info: Link nesting OFF on input line 4058.
Package hyperref Info: Hyper index ON on input line 4061.
Package hyperref Info: Plain pages OFF on input line 4068.
Package hyperref Info: Backreferencing OFF on input line 4073.
Package hyperref Info: Implicit mode ON; LaTeX internals redefined.
Package hyperref Info: Bookmarks ON on input line 4291.
\c@Hy@tempcnt=\count101
LaTeX Info: Redefining \url on input line 4644.
\Fld@menulength=\count102
\Field@Width=\dimen118
\Fld@charsize=\dimen119
Package hyperref Info: Hyper figures OFF on input line 5730.
Package hyperref Info: Link nesting OFF on input line 5735.
Package hyperref Info: Hyper index ON on input line 5738.
Package hyperref Info: backreferencing OFF on input line 5745.
Package hyperref Info: Link coloring OFF on input line 5750.
Package hyperref Info: Link coloring with OCG OFF on input line 5755.
Package hyperref Info: PDF/A mode OFF on input line 5760.
LaTeX Info: Redefining \ref on input line 5800.
LaTeX Info: Redefining \pageref on input line 5804.
\Hy@abspage=\count103
\c@Item=\count104
\c@Hfootnote=\count105
)

Package hyperref Message: Driver (autodetected): hpdftex.

(C:\Users\deborah\MKI\Thesis\Texclipse\Miktex\tex\latex\hyperref\hpdftex.def
File: hpdftex.def 2011/08/19 v6.82h Hyperref driver for pdfTeX
\Fld@listcount=\count106
\c@bookmark@seq@number=\count107

(C:\Users\deborah\MKI\Thesis\Texclipse\Miktex\tex\latex\oberdiek\rerunfilecheck
.sty
Package: rerunfilecheck 2011/04/15 v1.7 Rerun checks for auxiliary files (HO)
Package uniquecounter Info: New unique counter `rerunfilecheck' on input line 2
82.
)
\Hy@SectionHShift=\skip59
)
(C:\Users\deborah\MKI\Thesis\Texclipse\Miktex\tex\generic\thumbpdf\thumbpdf.sty
Package: thumbpdf 2011/08/10 v3.13 Inclusion of thumbnails (HO)

Package thumbpdf Warning: Thumbnail data file `document.tpt' not found.

)
\chapnolen=\skip60
\chapparlen=\skip61
\chapno=\box30
\c@definition=\count108
\c@satz=\count109
) (C:\Users\deborah\MKI\Thesis\Texclipse\Miktex\tex\latex\natbib\natbib.sty
Package: natbib 2010/09/13 8.31b (PWD, AO)
\bibhang=\skip62
\bibsep=\skip63
LaTeX Info: Redefining \cite on input line 694.
\c@NAT@ctr=\count110
)
(I:\Users\deborah\workspace\thesis3\macros.tex
\dbox=\box31
\rrskipb=\skip64
\rrskipa=\skip65
\rlskipa=\skip66
\rlskipb=\skip67
\lskip=\skip68
\lskipa=\skip69
)
\@indexfile=\write3

Writing index file document.idx
(I:\Users\deborah\workspace\thesis3\document.aux
(I:\Users\deborah\workspace\thesis3\erklaerung.aux)
(I:\Users\deborah\workspace\thesis3\einleitung.aux)
(I:\Users\deborah\workspace\thesis3\grundlagen.aux)
(I:\Users\deborah\workspace\thesis3\analyse.aux)
(I:\Users\deborah\workspace\thesis3\entwurf.aux)
(I:\Users\deborah\workspace\thesis3\implemen.aux)
(I:\Users\deborah\workspace\thesis3\eval.aux)
(I:\Users\deborah\workspace\thesis3\zusammenf.aux))
LaTeX Font Info:    Checking defaults for OML/cmm/m/it on input line 81.
LaTeX Font Info:    ... okay on input line 81.
LaTeX Font Info:    Checking defaults for T1/cmr/m/n on input line 81.
LaTeX Font Info:    ... okay on input line 81.
LaTeX Font Info:    Checking defaults for OT1/cmr/m/n on input line 81.
LaTeX Font Info:    ... okay on input line 81.
LaTeX Font Info:    Checking defaults for OMS/cmsy/m/n on input line 81.
LaTeX Font Info:    ... okay on input line 81.
LaTeX Font Info:    Checking defaults for OMX/cmex/m/n on input line 81.
LaTeX Font Info:    ... okay on input line 81.
LaTeX Font Info:    Checking defaults for U/cmr/m/n on input line 81.
LaTeX Font Info:    ... okay on input line 81.
LaTeX Font Info:    Checking defaults for PD1/pdf/m/n on input line 81.
LaTeX Font Info:    ... okay on input line 81.

(C:\Users\deborah\MKI\Thesis\Texclipse\Miktex\tex\context\base\supp-pdf.mkii
[Loading MPS to PDF converter (version 2006.09.02).]
\scratchcounter=\count111
\scratchdimen=\dimen120
\scratchbox=\box32
\nofMPsegments=\count112
\nofMParguments=\count113
\everyMPshowfont=\toks21
\MPscratchCnt=\count114
\MPscratchDim=\dimen121
\MPnumerator=\count115
\makeMPintoPDFobject=\count116
\everyMPtoPDFconversion=\toks22
)
*geometry* driver: auto-detecting
*geometry* detected driver: pdftex
*geometry* verbose mode - [ preamble ] result:
* driver: pdftex
* paper: a4paper
* layout: <same size as paper>
* layoutoffset:(h,v)=(0.0pt,0.0pt)
* modes: twoside 
* h-part:(L,W,R)=(85.35826pt, 426.79135pt, 85.35826pt)
* v-part:(T,H,B)=(65.44133pt, 708.47363pt, 71.13188pt)
* \paperwidth=597.50787pt
* \paperheight=845.04684pt
* \textwidth=426.79135pt
* \textheight=708.47363pt
* \oddsidemargin=13.08827pt
* \evensidemargin=13.08827pt
* \topmargin=-41.20245pt
* \headheight=14.5pt
* \headsep=19.8738pt
* \topskip=12.0pt
* \footskip=30.0pt
* \marginparwidth=88.0pt
* \marginparsep=7.0pt
* \columnsep=10.0pt
* \skip\footins=10.8pt plus 4.0pt minus 2.0pt
* \hoffset=0.0pt
* \voffset=0.0pt
* \mag=1000
* \@twocolumnfalse
* \@twosidetrue
* \@mparswitchtrue
* \@reversemarginfalse
* (1in=72.27pt=25.4mm, 1cm=28.453pt)

\AtBeginShipoutBox=\box33
Package hyperref Info: Link coloring OFF on input line 81.
(C:\Users\deborah\MKI\Thesis\Texclipse\Miktex\tex\latex\hyperref\nameref.sty
Package: nameref 2010/04/30 v2.40 Cross-referencing by name of section

(C:\Users\deborah\MKI\Thesis\Texclipse\Miktex\tex\generic\oberdiek\gettitlestri
ng.sty
Package: gettitlestring 2010/12/03 v1.4 Cleanup title references (HO)
)
\c@section@level=\count117
)
LaTeX Info: Redefining \ref on input line 81.
LaTeX Info: Redefining \pageref on input line 81.
LaTeX Info: Redefining \nameref on input line 81.
 (I:\Users\deborah\workspace\thesis3\document.out)
(I:\Users\deborah\workspace\thesis3\document.out)
\@outlinefile=\write4

(I:\Users\deborah\workspace\thesis3\erklaerung.tex
LaTeX Font Info:    External font `cmex10' loaded for size
(Font)              <12> on input line 5.
LaTeX Font Info:    External font `cmex10' loaded for size
(Font)              <8> on input line 5.
LaTeX Font Info:    External font `cmex10' loaded for size
(Font)              <6> on input line 5.
 [1





{C:/Users/deborah/MKI/Thesis/Texclipse/Miktex/pdftex/config/pdftex.map}]) [2




]
(I:\Users\deborah\workspace\thesis3\document.toc)
\tf@toc=\write5
 [3

] [4


]
(I:\Users\deborah\workspace\thesis3\einleitung.tex
Kapitel 1.
) [1



] (I:\Users\deborah\workspace\thesis3\grundlagen.tex [2



]
Kapitel 2.
) [3] (I:\Users\deborah\workspace\thesis3\analyse.tex [4



]
Kapitel 3.
[5]
LaTeX Font Info:    Try loading font information for T1+aett on input line 95.
 (C:\Users\deborah\MKI\Thesis\Texclipse\Miktex\tex\latex\ae\t1aett.fd
File: t1aett.fd 1997/11/16 Font definitions for T1/aett.
)
[6]) [7] (I:\Users\deborah\workspace\thesis3\entwurf.tex [8



]
Kapitel 4.
[9] [10]) [11] (I:\Users\deborah\workspace\thesis3\implemen.tex [12



]
Kapitel 5.
) [13] (I:\Users\deborah\workspace\thesis3\eval.tex [14



]
Kapitel 6.
) [15] (I:\Users\deborah\workspace\thesis3\zusammenf.tex [16



]
Kapitel 7.
) [17] [18


] (I:\Users\deborah\workspace\thesis3\document.bbl) [19

] [20

]
(I:\Users\deborah\workspace\thesis3\document.ind)
Package atveryend Info: Empty hook `BeforeClearDocument' on input line 156.
 [21


]
Package atveryend Info: Empty hook `AfterLastShipout' on input line 156.

(I:\Users\deborah\workspace\thesis3\document.aux
(I:\Users\deborah\workspace\thesis3\erklaerung.aux)
(I:\Users\deborah\workspace\thesis3\einleitung.aux)
(I:\Users\deborah\workspace\thesis3\grundlagen.aux)
(I:\Users\deborah\workspace\thesis3\analyse.aux)
(I:\Users\deborah\workspace\thesis3\entwurf.aux)
(I:\Users\deborah\workspace\thesis3\implemen.aux)
(I:\Users\deborah\workspace\thesis3\eval.aux)
(I:\Users\deborah\workspace\thesis3\zusammenf.aux))
Package atveryend Info: Executing hook `AtVeryEndDocument' on input line 156.
Package atveryend Info: Executing hook `AtEndAfterFileList' on input line 156.
Package rerunfilecheck Info: File `document.out' has not changed.
(rerunfilecheck)             Checksum: 8D7C4219EF1A4B761E1E91D7FDA325D5;1651.
 ) 
Here is how much of TeX's memory you used:
 7337 strings out of 494045
 106493 string characters out of 3141527
 203809 words of memory out of 3000000
 10385 multiletter control sequences out of 15000+200000
 26236 words of font info for 53 fonts, out of 3000000 for 9000
 715 hyphenation exceptions out of 8191
 41i,11n,45p,322b,345s stack positions out of 5000i,500n,10000p,200000b,50000s
<C:/Users/deborah/MKI/Thesis/Texclipse/Miktex/fonts/type1/public/amsfonts/cm/
cmbx12.pfb><C:/Users/deborah/MKI/Thesis/Texclipse/Miktex/fonts/type1/public/ams
fonts/cm/cmr12.pfb><C:/Users/deborah/MKI/Thesis/Texclipse/Miktex/fonts/type1/pu
blic/amsfonts/cm/cmr8.pfb><C:/Users/deborah/MKI/Thesis/Texclipse/Miktex/fonts/t
ype1/public/amsfonts/cm/cmsl12.pfb><C:/Users/deborah/MKI/Thesis/Texclipse/Mikte
x/fonts/type1/public/amsfonts/cm/cmti12.pfb><C:/Users/deborah/MKI/Thesis/Texcli
pse/Miktex/fonts/type1/public/amsfonts/cm/cmtt12.pfb>
Output written on document.pdf (25 pages, 124861 bytes).
PDF statistics:
 311 PDF objects out of 1000 (max. 8388607)
 68 named destinations out of 1000 (max. 500000)
 217 words of extra memory for PDF output out of 10000 (max. 10000000)

